Starting up http-server, serving ./
Available on:
  http://127.0.0.1:5000
  http://10.211.55.6:5000
Hit CTRL-C to stop the server
[Wed Aug 14 2019 11:39:06 GMT+0800 (CST)] "GET /" "Mozilla/5.0 (Macintosh; Intel Mac OS X 10.13; rv:68.0) Gecko/20100101 Firefox/68.0"
[Wed Aug 14 2019 11:39:06 GMT+0800 (CST)] "GET /css/back-to-top.css" "Mozilla/5.0 (Macintosh; Intel Mac OS X 10.13; rv:68.0) Gecko/20100101 Firefox/68.0"
[Wed Aug 14 2019 11:39:06 GMT+0800 (CST)] "GET /css/progressbar.css" "Mozilla/5.0 (Macintosh; Intel Mac OS X 10.13; rv:68.0) Gecko/20100101 Firefox/68.0"
[Wed Aug 14 2019 11:39:06 GMT+0800 (CST)] "GET /js/gallery.js" "Mozilla/5.0 (Macintosh; Intel Mac OS X 10.13; rv:68.0) Gecko/20100101 Firefox/68.0"
[Wed Aug 14 2019 11:39:06 GMT+0800 (CST)] "GET /js/animation.js" "Mozilla/5.0 (Macintosh; Intel Mac OS X 10.13; rv:68.0) Gecko/20100101 Firefox/68.0"
[Wed Aug 14 2019 11:39:06 GMT+0800 (CST)] "GET /js/insight.js" "Mozilla/5.0 (Macintosh; Intel Mac OS X 10.13; rv:68.0) Gecko/20100101 Firefox/68.0"
[Wed Aug 14 2019 11:39:06 GMT+0800 (CST)] "GET /css/style.css" "Mozilla/5.0 (Macintosh; Intel Mac OS X 10.13; rv:68.0) Gecko/20100101 Firefox/68.0"
[Wed Aug 14 2019 11:39:06 GMT+0800 (CST)] "GET /css/search.css" "Mozilla/5.0 (Macintosh; Intel Mac OS X 10.13; rv:68.0) Gecko/20100101 Firefox/68.0"
[Wed Aug 14 2019 11:39:06 GMT+0800 (CST)] "GET /css/insight.css" "Mozilla/5.0 (Macintosh; Intel Mac OS X 10.13; rv:68.0) Gecko/20100101 Firefox/68.0"
[Wed Aug 14 2019 11:39:06 GMT+0800 (CST)] "GET /js/back-to-top.js" "Mozilla/5.0 (Macintosh; Intel Mac OS X 10.13; rv:68.0) Gecko/20100101 Firefox/68.0"
[Wed Aug 14 2019 11:39:06 GMT+0800 (CST)] "GET /js/main.js" "Mozilla/5.0 (Macintosh; Intel Mac OS X 10.13; rv:68.0) Gecko/20100101 Firefox/68.0"
[Wed Aug 14 2019 11:39:08 GMT+0800 (CST)] "GET /images/logo.png" "Mozilla/5.0 (Macintosh; Intel Mac OS X 10.13; rv:68.0) Gecko/20100101 Firefox/68.0"
[Wed Aug 14 2019 11:39:11 GMT+0800 (CST)] "GET /images/favicon.svg" "Mozilla/5.0 (Macintosh; Intel Mac OS X 10.13; rv:68.0) Gecko/20100101 Firefox/68.0"
[Wed Aug 14 2019 11:39:14 GMT+0800 (CST)] "GET /content.json" "Mozilla/5.0 (Macintosh; Intel Mac OS X 10.13; rv:68.0) Gecko/20100101 Firefox/68.0"
[Wed Aug 14 2019 11:39:25 GMT+0800 (CST)] "GET /" "Mozilla/5.0 (Macintosh; Intel Mac OS X 10.13; rv:68.0) Gecko/20100101 Firefox/68.0"
[Wed Aug 14 2019 11:39:25 GMT+0800 (CST)] "GET /css/back-to-top.css" "Mozilla/5.0 (Macintosh; Intel Mac OS X 10.13; rv:68.0) Gecko/20100101 Firefox/68.0"
[Wed Aug 14 2019 11:39:25 GMT+0800 (CST)] "GET /css/progressbar.css" "Mozilla/5.0 (Macintosh; Intel Mac OS X 10.13; rv:68.0) Gecko/20100101 Firefox/68.0"
[Wed Aug 14 2019 11:39:25 GMT+0800 (CST)] "GET /css/style.css" "Mozilla/5.0 (Macintosh; Intel Mac OS X 10.13; rv:68.0) Gecko/20100101 Firefox/68.0"
[Wed Aug 14 2019 11:39:25 GMT+0800 (CST)] "GET /js/animation.js" "Mozilla/5.0 (Macintosh; Intel Mac OS X 10.13; rv:68.0) Gecko/20100101 Firefox/68.0"
[Wed Aug 14 2019 11:39:25 GMT+0800 (CST)] "GET /js/gallery.js" "Mozilla/5.0 (Macintosh; Intel Mac OS X 10.13; rv:68.0) Gecko/20100101 Firefox/68.0"
[Wed Aug 14 2019 11:39:25 GMT+0800 (CST)] "GET /js/back-to-top.js" "Mozilla/5.0 (Macintosh; Intel Mac OS X 10.13; rv:68.0) Gecko/20100101 Firefox/68.0"
[Wed Aug 14 2019 11:39:25 GMT+0800 (CST)] "GET /js/main.js" "Mozilla/5.0 (Macintosh; Intel Mac OS X 10.13; rv:68.0) Gecko/20100101 Firefox/68.0"
[Wed Aug 14 2019 11:39:25 GMT+0800 (CST)] "GET /js/insight.js" "Mozilla/5.0 (Macintosh; Intel Mac OS X 10.13; rv:68.0) Gecko/20100101 Firefox/68.0"
[Wed Aug 14 2019 11:39:25 GMT+0800 (CST)] "GET /css/search.css" "Mozilla/5.0 (Macintosh; Intel Mac OS X 10.13; rv:68.0) Gecko/20100101 Firefox/68.0"
[Wed Aug 14 2019 11:39:25 GMT+0800 (CST)] "GET /css/insight.css" "Mozilla/5.0 (Macintosh; Intel Mac OS X 10.13; rv:68.0) Gecko/20100101 Firefox/68.0"
[Wed Aug 14 2019 11:39:31 GMT+0800 (CST)] "GET /images/logo.png" "Mozilla/5.0 (Macintosh; Intel Mac OS X 10.13; rv:68.0) Gecko/20100101 Firefox/68.0"
[Wed Aug 14 2019 11:39:31 GMT+0800 (CST)] "GET /content.json" "Mozilla/5.0 (Macintosh; Intel Mac OS X 10.13; rv:68.0) Gecko/20100101 Firefox/68.0"
[Wed Aug 14 2019 11:39:45 GMT+0800 (CST)] "GET /" "Mozilla/5.0 (Macintosh; Intel Mac OS X 10.13; rv:68.0) Gecko/20100101 Firefox/68.0"
[Wed Aug 14 2019 11:39:45 GMT+0800 (CST)] "GET /css/back-to-top.css" "Mozilla/5.0 (Macintosh; Intel Mac OS X 10.13; rv:68.0) Gecko/20100101 Firefox/68.0"
[Wed Aug 14 2019 11:39:45 GMT+0800 (CST)] "GET /js/animation.js" "Mozilla/5.0 (Macintosh; Intel Mac OS X 10.13; rv:68.0) Gecko/20100101 Firefox/68.0"
[Wed Aug 14 2019 11:39:45 GMT+0800 (CST)] "GET /css/style.css" "Mozilla/5.0 (Macintosh; Intel Mac OS X 10.13; rv:68.0) Gecko/20100101 Firefox/68.0"
[Wed Aug 14 2019 11:39:45 GMT+0800 (CST)] "GET /css/progressbar.css" "Mozilla/5.0 (Macintosh; Intel Mac OS X 10.13; rv:68.0) Gecko/20100101 Firefox/68.0"
[Wed Aug 14 2019 11:39:45 GMT+0800 (CST)] "GET /js/gallery.js" "Mozilla/5.0 (Macintosh; Intel Mac OS X 10.13; rv:68.0) Gecko/20100101 Firefox/68.0"
[Wed Aug 14 2019 11:39:45 GMT+0800 (CST)] "GET /js/back-to-top.js" "Mozilla/5.0 (Macintosh; Intel Mac OS X 10.13; rv:68.0) Gecko/20100101 Firefox/68.0"
[Wed Aug 14 2019 11:39:45 GMT+0800 (CST)] "GET /js/main.js" "Mozilla/5.0 (Macintosh; Intel Mac OS X 10.13; rv:68.0) Gecko/20100101 Firefox/68.0"
[Wed Aug 14 2019 11:39:45 GMT+0800 (CST)] "GET /js/insight.js" "Mozilla/5.0 (Macintosh; Intel Mac OS X 10.13; rv:68.0) Gecko/20100101 Firefox/68.0"
[Wed Aug 14 2019 11:39:45 GMT+0800 (CST)] "GET /css/search.css" "Mozilla/5.0 (Macintosh; Intel Mac OS X 10.13; rv:68.0) Gecko/20100101 Firefox/68.0"
[Wed Aug 14 2019 11:39:45 GMT+0800 (CST)] "GET /css/insight.css" "Mozilla/5.0 (Macintosh; Intel Mac OS X 10.13; rv:68.0) Gecko/20100101 Firefox/68.0"
[Wed Aug 14 2019 11:39:53 GMT+0800 (CST)] "GET /images/logo.png" "Mozilla/5.0 (Macintosh; Intel Mac OS X 10.13; rv:68.0) Gecko/20100101 Firefox/68.0"
[Wed Aug 14 2019 11:39:53 GMT+0800 (CST)] "GET /content.json" "Mozilla/5.0 (Macintosh; Intel Mac OS X 10.13; rv:68.0) Gecko/20100101 Firefox/68.0"
[Wed Aug 14 2019 11:40:01 GMT+0800 (CST)] "GET /" "Mozilla/5.0 (Macintosh; Intel Mac OS X 10.13; rv:68.0) Gecko/20100101 Firefox/68.0"
[Wed Aug 14 2019 11:40:01 GMT+0800 (CST)] "GET /js/animation.js" "Mozilla/5.0 (Macintosh; Intel Mac OS X 10.13; rv:68.0) Gecko/20100101 Firefox/68.0"
[Wed Aug 14 2019 11:40:01 GMT+0800 (CST)] "GET /css/progressbar.css" "Mozilla/5.0 (Macintosh; Intel Mac OS X 10.13; rv:68.0) Gecko/20100101 Firefox/68.0"
[Wed Aug 14 2019 11:40:01 GMT+0800 (CST)] "GET /css/style.css" "Mozilla/5.0 (Macintosh; Intel Mac OS X 10.13; rv:68.0) Gecko/20100101 Firefox/68.0"
[Wed Aug 14 2019 11:40:01 GMT+0800 (CST)] "GET /css/back-to-top.css" "Mozilla/5.0 (Macintosh; Intel Mac OS X 10.13; rv:68.0) Gecko/20100101 Firefox/68.0"
[Wed Aug 14 2019 11:40:01 GMT+0800 (CST)] "GET /js/gallery.js" "Mozilla/5.0 (Macintosh; Intel Mac OS X 10.13; rv:68.0) Gecko/20100101 Firefox/68.0"
[Wed Aug 14 2019 11:40:01 GMT+0800 (CST)] "GET /js/back-to-top.js" "Mozilla/5.0 (Macintosh; Intel Mac OS X 10.13; rv:68.0) Gecko/20100101 Firefox/68.0"
[Wed Aug 14 2019 11:40:01 GMT+0800 (CST)] "GET /js/main.js" "Mozilla/5.0 (Macintosh; Intel Mac OS X 10.13; rv:68.0) Gecko/20100101 Firefox/68.0"
[Wed Aug 14 2019 11:40:01 GMT+0800 (CST)] "GET /js/insight.js" "Mozilla/5.0 (Macintosh; Intel Mac OS X 10.13; rv:68.0) Gecko/20100101 Firefox/68.0"
[Wed Aug 14 2019 11:40:01 GMT+0800 (CST)] "GET /css/search.css" "Mozilla/5.0 (Macintosh; Intel Mac OS X 10.13; rv:68.0) Gecko/20100101 Firefox/68.0"
[Wed Aug 14 2019 11:40:01 GMT+0800 (CST)] "GET /css/insight.css" "Mozilla/5.0 (Macintosh; Intel Mac OS X 10.13; rv:68.0) Gecko/20100101 Firefox/68.0"
[Wed Aug 14 2019 11:40:10 GMT+0800 (CST)] "GET /images/logo.png" "Mozilla/5.0 (Macintosh; Intel Mac OS X 10.13; rv:68.0) Gecko/20100101 Firefox/68.0"
[Wed Aug 14 2019 11:40:10 GMT+0800 (CST)] "GET /content.json" "Mozilla/5.0 (Macintosh; Intel Mac OS X 10.13; rv:68.0) Gecko/20100101 Firefox/68.0"
[Wed Aug 14 2019 11:40:12 GMT+0800 (CST)] "GET /p/2019/2019-08-14/" "Mozilla/5.0 (Macintosh; Intel Mac OS X 10.13; rv:68.0) Gecko/20100101 Firefox/68.0"
[Wed Aug 14 2019 11:40:12 GMT+0800 (CST)] "GET /css/back-to-top.css" "Mozilla/5.0 (Macintosh; Intel Mac OS X 10.13; rv:68.0) Gecko/20100101 Firefox/68.0"
[Wed Aug 14 2019 11:40:12 GMT+0800 (CST)] "GET /css/progressbar.css" "Mozilla/5.0 (Macintosh; Intel Mac OS X 10.13; rv:68.0) Gecko/20100101 Firefox/68.0"
[Wed Aug 14 2019 11:40:12 GMT+0800 (CST)] "GET /css/style.css" "Mozilla/5.0 (Macintosh; Intel Mac OS X 10.13; rv:68.0) Gecko/20100101 Firefox/68.0"
[Wed Aug 14 2019 11:40:12 GMT+0800 (CST)] "GET /js/animation.js" "Mozilla/5.0 (Macintosh; Intel Mac OS X 10.13; rv:68.0) Gecko/20100101 Firefox/68.0"
[Wed Aug 14 2019 11:40:12 GMT+0800 (CST)] "GET /js/gallery.js" "Mozilla/5.0 (Macintosh; Intel Mac OS X 10.13; rv:68.0) Gecko/20100101 Firefox/68.0"
[Wed Aug 14 2019 11:40:12 GMT+0800 (CST)] "GET /js/back-to-top.js" "Mozilla/5.0 (Macintosh; Intel Mac OS X 10.13; rv:68.0) Gecko/20100101 Firefox/68.0"
[Wed Aug 14 2019 11:40:12 GMT+0800 (CST)] "GET /js/main.js" "Mozilla/5.0 (Macintosh; Intel Mac OS X 10.13; rv:68.0) Gecko/20100101 Firefox/68.0"
[Wed Aug 14 2019 11:40:12 GMT+0800 (CST)] "GET /js/insight.js" "Mozilla/5.0 (Macintosh; Intel Mac OS X 10.13; rv:68.0) Gecko/20100101 Firefox/68.0"
[Wed Aug 14 2019 11:40:12 GMT+0800 (CST)] "GET /css/search.css" "Mozilla/5.0 (Macintosh; Intel Mac OS X 10.13; rv:68.0) Gecko/20100101 Firefox/68.0"
[Wed Aug 14 2019 11:40:12 GMT+0800 (CST)] "GET /css/insight.css" "Mozilla/5.0 (Macintosh; Intel Mac OS X 10.13; rv:68.0) Gecko/20100101 Firefox/68.0"
[Wed Aug 14 2019 11:40:13 GMT+0800 (CST)] "GET /images/logo.png" "Mozilla/5.0 (Macintosh; Intel Mac OS X 10.13; rv:68.0) Gecko/20100101 Firefox/68.0"
[Wed Aug 14 2019 11:40:13 GMT+0800 (CST)] "GET /content.json" "Mozilla/5.0 (Macintosh; Intel Mac OS X 10.13; rv:68.0) Gecko/20100101 Firefox/68.0"
[Wed Aug 14 2019 11:40:15 GMT+0800 (CST)] "GET /images/favicon.svg" "Mozilla/5.0 (Macintosh; Intel Mac OS X 10.13; rv:68.0) Gecko/20100101 Firefox/68.0"
[Wed Aug 14 2019 11:58:52 GMT+0800 (CST)] "GET /p/2019/2019-08-14/" "Mozilla/5.0 (Macintosh; Intel Mac OS X 10.13; rv:68.0) Gecko/20100101 Firefox/68.0"
[Wed Aug 14 2019 11:58:52 GMT+0800 (CST)] "GET /css/back-to-top.css" "Mozilla/5.0 (Macintosh; Intel Mac OS X 10.13; rv:68.0) Gecko/20100101 Firefox/68.0"
[Wed Aug 14 2019 11:58:52 GMT+0800 (CST)] "GET /js/main.js" "Mozilla/5.0 (Macintosh; Intel Mac OS X 10.13; rv:68.0) Gecko/20100101 Firefox/68.0"
[Wed Aug 14 2019 11:58:52 GMT+0800 (CST)] "GET /js/back-to-top.js" "Mozilla/5.0 (Macintosh; Intel Mac OS X 10.13; rv:68.0) Gecko/20100101 Firefox/68.0"
[Wed Aug 14 2019 11:58:52 GMT+0800 (CST)] "GET /js/gallery.js" "Mozilla/5.0 (Macintosh; Intel Mac OS X 10.13; rv:68.0) Gecko/20100101 Firefox/68.0"
[Wed Aug 14 2019 11:58:52 GMT+0800 (CST)] "GET /js/animation.js" "Mozilla/5.0 (Macintosh; Intel Mac OS X 10.13; rv:68.0) Gecko/20100101 Firefox/68.0"
[Wed Aug 14 2019 11:58:52 GMT+0800 (CST)] "GET /css/style.css" "Mozilla/5.0 (Macintosh; Intel Mac OS X 10.13; rv:68.0) Gecko/20100101 Firefox/68.0"
[Wed Aug 14 2019 11:58:52 GMT+0800 (CST)] "GET /css/progressbar.css" "Mozilla/5.0 (Macintosh; Intel Mac OS X 10.13; rv:68.0) Gecko/20100101 Firefox/68.0"
[Wed Aug 14 2019 11:58:52 GMT+0800 (CST)] "GET /js/insight.js" "Mozilla/5.0 (Macintosh; Intel Mac OS X 10.13; rv:68.0) Gecko/20100101 Firefox/68.0"
[Wed Aug 14 2019 11:58:52 GMT+0800 (CST)] "GET /css/search.css" "Mozilla/5.0 (Macintosh; Intel Mac OS X 10.13; rv:68.0) Gecko/20100101 Firefox/68.0"
[Wed Aug 14 2019 11:58:52 GMT+0800 (CST)] "GET /css/insight.css" "Mozilla/5.0 (Macintosh; Intel Mac OS X 10.13; rv:68.0) Gecko/20100101 Firefox/68.0"
[Wed Aug 14 2019 11:58:53 GMT+0800 (CST)] "GET /images/logo.png" "Mozilla/5.0 (Macintosh; Intel Mac OS X 10.13; rv:68.0) Gecko/20100101 Firefox/68.0"
[Wed Aug 14 2019 11:58:54 GMT+0800 (CST)] "GET /content.json" "Mozilla/5.0 (Macintosh; Intel Mac OS X 10.13; rv:68.0) Gecko/20100101 Firefox/68.0"
[Wed Aug 14 2019 11:58:56 GMT+0800 (CST)] "GET /images/favicon.svg" "Mozilla/5.0 (Macintosh; Intel Mac OS X 10.13; rv:68.0) Gecko/20100101 Firefox/68.0"
